Array
(
    [time] => 2025-11-05 07:53:41
    [filters] => Array
        (
            [date_from] => 2025-10-06
            [date_to] => 2025-11-05
            [product] => 
            [status] => 
            [period] => last_30_days
        )

    [record_count] => 58
    [sample] => Array
        (
            [id] => 100
            [product_id] => 79
            [supplier] => stock-nov-2
            [supplier_no] => 6756
            [qty] => 489
            [unit] => kg
            [price] => 1000.00
            [total_amount] => 489100.00
            [amount_paid] => 489100.00
            [status] => Paid
            [purchase_date] => 2025-11-02 00:00:00
            [user_id] => 1
            [store_id] => 7
        )

    [report] => Array
        (
            [error] => Query failed: {"code":1096,"message":"No tables used"}
            [report] => Array
                (
                )

            [summary] => Array
                (
                    [total_purchases] => 0
                    [total_amount] => 0
                    [total_paid] => 0
                    [pending_amount] => 0
                )

        )

)
Array
(
    [time] => 2025-11-05 19:27:15
    [filters] => Array
        (
            [date_from] => 2025-10-06
            [date_to] => 2025-11-05
            [product] => 
            [status] => 
            [period] => last_30_days
        )

    [record_count] => 60
    [sample] => Array
        (
            [id] => 100
            [product_id] => 79
            [supplier] => stock-nov-2
            [supplier_no] => 6756
            [qty] => 489
            [unit] => kg
            [price] => 1000.00
            [total_amount] => 489100.00
            [amount_paid] => 489100.00
            [status] => Paid
            [purchase_date] => 2025-11-02 00:00:00
            [user_id] => 1
            [store_id] => 7
        )

    [report] => Array
        (
            [error] => Query failed: {"code":1096,"message":"No tables used"}
            [report] => Array
                (
                )

            [summary] => Array
                (
                    [total_purchases] => 0
                    [total_amount] => 0
                    [total_paid] => 0
                    [pending_amount] => 0
                )

        )

)
Array
(
    [time] => 2025-11-05 19:28:28
    [filters] => Array
        (
            [date_from] => 2025-10-06
            [date_to] => 2025-11-05
            [product] => 
            [status] => 
            [period] => last_30_days
        )

    [record_count] => 60
    [sample] => Array
        (
            [id] => 100
            [product_id] => 79
            [supplier] => stock-nov-2
            [supplier_no] => 6756
            [qty] => 489
            [unit] => kg
            [price] => 1000.00
            [total_amount] => 489100.00
            [amount_paid] => 489100.00
            [status] => Paid
            [purchase_date] => 2025-11-02 00:00:00
            [user_id] => 1
            [store_id] => 7
        )

    [report] => Array
        (
            [error] => Query failed: {"code":1096,"message":"No tables used"}
            [report] => Array
                (
                )

            [summary] => Array
                (
                    [total_purchases] => 0
                    [total_amount] => 0
                    [total_paid] => 0
                    [pending_amount] => 0
                )

        )

)
