Array
(
    [time] => 2025-08-11 15:13:22
    [filters] => Array
        (
            [date_from] => 2025-07-12
            [date_to] => 2025-08-11
            [product] => 
            [status] => 
            [period] => last_30_days
        )

    [record_count] => 4
    [sample] => Array
        (
            [id] => 7
            [product_id] => 20
            [supplier] => Hamis j Hamis
            [supplier_no] => 
            [qty] => 10000
            [unit] => KG
            [price] => 520.00
            [total_amount] => 5200000.00
            [amount_paid] => 5200000.00
            [status] => Paid
            [purchase_date] => 2025-07-30 06:46:00
            [user_id] => 1
            [store_id] => 7
        )

    [report] => Array
        (
            [error] => Query failed: {"code":1096,"message":"No tables used"}
            [report] => Array
                (
                )

            [summary] => Array
                (
                    [total_purchases] => 0
                    [total_amount] => 0
                    [total_paid] => 0
                    [pending_amount] => 0
                )

        )

)
